Arguments: 
  /home/matth/.nvm/versions/node/v8.9.4/bin/node /usr/share/yarn/bin/yarn.js init

PATH: 
  /home/matth/.nvm/versions/node/v8.9.4/bin:/home/matth/bin/:/home/matth/bin/pycharm/bin:/home/matth/bin/goglang/bin:/usr/local/bin:/home/matth/bin:/usr/local/bin/google-cloud-sdk:/home/matth/bin/protoc/bin/protoc:/home/matth/bin/pycharm/bin:/home/matth/.local/bin:/usr/local/go/bin:/usr/local/sbin:/usr/sbin:/sbin:/usr/local/bin:/usr/bin:/bin:/usr/local/games:/usr/games:/usr/local/bin/google-cloud-sdk/bin:/snap/bin

Yarn version: 
  1.6.0

Node version: 
  8.9.4

Platform: 
  linux x64

Trace: 
  Error: canceled
      at Interface.<anonymous> (/usr/share/yarn/lib/cli.js:129516:13)
      at emitNone (events.js:106:13)
      at Interface.emit (events.js:208:7)
      at Interface._ttyWrite (readline.js:775:16)
      at ReadStream.onkeypress (readline.js:160:10)
      at emitTwo (events.js:126:13)
      at ReadStream.emit (events.js:214:7)
      at emitKeys (internal/readline.js:420:14)
      at emitKeys.next (<anonymous>)
      at ReadStream.onData (readline.js:1011:36)

npm manifest: 
  {
    "name": "01-simple-elm-component",
    "version": "0.1.0",
    "scripts": {
      "start": "webpack-dev-server --mode development",
      "build": "webpack --mode production"
    },
    "dependencies": {
      "react": "^16.3.2",
      "react-dom": "^16.3.2",
      "react-elm-components": "git+ssh://:git@github.com/evancz/react-elm-components.git"
    },
    "devDependencies": {
      "babel-core": "^6.26.3",
      "babel-loader": "^7.1.4",
      "babel-preset-env": "^1.7.0",
      "babel-preset-react": "^6.24.1",
      "elm-webpack-loader": "^4.5.0",
      "webpack": "^4.8.2",
      "webpack-cli": "^2.1.3",
      "webpack-dev-server": "^3.1.4"
    }
  }

yarn manifest: 
  No manifest

Lockfile: 
  No lockfile
